TN:
SF:C:\Users\AD66925\Desktop\Extractfile\DataBinding-20220427T180027Z-001\DataBinding\src\polyfills.ts
FNF:0
FNH:0
LF:0
LH:0
BRF:0
BRH:0
end_of_record
TN:
SF:C:\Users\AD66925\Desktop\Extractfile\DataBinding-20220427T180027Z-001\DataBinding\src\test.ts
FNF:0
FNH:0
DA:13,1
DA:18,1
DA:20,1
LF:3
LH:3
BRF:0
BRH:0
end_of_record
TN:
SF:C:\Users\AD66925\Desktop\Extractfile\DataBinding-20220427T180027Z-001\DataBinding\src\app\app.component.ts
FN:3,(anonymous_0)
FNF:1
FNH:0
FNDA:0,(anonymous_0)
DA:8,1
DA:9,0
LF:2
LH:1
BRF:0
BRH:0
end_of_record
TN:
SF:C:\Users\AD66925\Desktop\Extractfile\DataBinding-20220427T180027Z-001\DataBinding\src\app\eventdemo\eventdemo.component.ts
FN:10,(anonymous_0)
FN:14,(anonymous_1)
FN:19,(anonymous_2)
FNF:3
FNH:2
FNDA:1,(anonymous_0)
FNDA:0,(anonymous_1)
FNDA:1,(anonymous_2)
DA:8,1
DA:12,1
DA:15,0
DA:16,0
LF:4
LH:2
BRF:0
BRH:0
end_of_record
TN:
SF:C:\Users\AD66925\Desktop\Extractfile\DataBinding-20220427T180027Z-001\DataBinding\src\app\interpolationdemo\interpolationdemo.component.ts
FN:14,(anonymous_0)
FN:11,(anonymous_1)
FN:16,(anonymous_2)
FNF:3
FNH:3
FNDA:1,(anonymous_0)
FNDA:2,(anonymous_1)
FNDA:1,(anonymous_2)
DA:8,1
DA:10,1
DA:12,2
LF:3
LH:3
BRF:0
BRH:0
end_of_record
TN:
SF:C:\Users\AD66925\Desktop\Extractfile\DataBinding-20220427T180027Z-001\DataBinding\src\app\propertydemo\propertydemo.component.ts
FN:11,(anonymous_0)
FN:13,(anonymous_1)
FNF:2
FNH:2
FNDA:1,(anonymous_0)
FNDA:1,(anonymous_1)
DA:8,1
DA:10,1
LF:2
LH:2
BRF:0
BRH:0
end_of_record
TN:
SF:C:\Users\AD66925\Desktop\Extractfile\DataBinding-20220427T180027Z-001\DataBinding\src\app\twowaydemo\twowaydemo.component.ts
FN:11,(anonymous_0)
FN:13,(anonymous_1)
FNF:2
FNH:0
FNDA:0,(anonymous_0)
FNDA:0,(anonymous_1)
DA:8,1
DA:10,0
LF:2
LH:1
BRF:0
BRH:0
end_of_record
